# Logfile created on 2021-03-22 13:50:39 +0000 by logger.rb/66358
I, [2021-03-22T13:50:39.611551 #1126]  INFO -- : (0.000184s) PRAGMA foreign_keys = 1
I, [2021-03-22T13:50:39.611639 #1126]  INFO -- : (0.000015s) PRAGMA case_sensitive_like = 1
I, [2021-03-22T13:50:39.612284 #1126]  INFO -- : (0.000055s) SELECT sqlite_version()
I, [2021-03-22T13:50:39.612526 #1126]  INFO -- : (0.000103s) PRAGMA table_info('admins')
I, [2021-03-22T13:50:39.613201 #1126]  INFO -- : (0.000097s) PRAGMA table_info('codes')
I, [2021-03-22T13:50:39.613930 #1126]  INFO -- : (0.000132s) PRAGMA table_info('mentees')
I, [2021-03-22T13:50:39.614950 #1126]  INFO -- : (0.000136s) PRAGMA table_info('mentors')
I, [2021-03-22T13:50:39.615913 #1126]  INFO -- : (0.000092s) PRAGMA table_info('users')
I, [2021-03-22T13:55:09.457841 #1126]  INFO -- : (0.000054s) SELECT * FROM `codes` WHERE `id` = 1
I, [2021-03-22T13:55:09.458065 #1126]  INFO -- : (0.000023s) BEGIN
I, [2021-03-22T13:55:09.458543 #1126]  INFO -- : (0.000249s) UPDATE `codes` SET `used` = 1 WHERE (`id` = 1)
I, [2021-03-22T13:55:09.549899 #1126]  INFO -- : (0.091186s) COMMIT
I, [2021-03-22T13:55:09.550247 #1126]  INFO -- : (0.092645s) SELECT * FROM `codes`
I, [2021-03-22T13:55:09.550489 #1126]  INFO -- : (0.000054s) BEGIN
I, [2021-03-22T13:55:09.551211 #1126]  INFO -- : (0.000317s) INSERT INTO `users` (`email`, `password`, `user_type`) VALUES ('admin@test', 'admin', 'admin')
I, [2021-03-22T13:55:09.551526 #1126]  INFO -- : (0.000110s) SELECT * FROM `users` WHERE `id` = 1
I, [2021-03-22T13:55:09.640258 #1126]  INFO -- : (0.088516s) COMMIT
I, [2021-03-22T13:55:09.640459 #1126]  INFO -- : (0.000031s) BEGIN
I, [2021-03-22T13:55:09.640778 #1126]  INFO -- : (0.000150s) INSERT INTO `admins` (`first_name`, `surname`, `admin_code`, `email`, `password`) VALUES ('Admin', 'Admin', 'admincode1', 'admin@test', 'admin')
I, [2021-03-22T13:55:09.640995 #1126]  INFO -- : (0.000100s) SELECT * FROM `admins` WHERE `id` = 1
I, [2021-03-22T13:55:09.734702 #1126]  INFO -- : (0.093629s) COMMIT
I, [2021-03-22T13:56:08.582410 #1126]  INFO -- : (0.000042s) BEGIN
I, [2021-03-22T13:56:08.582836 #1126]  INFO -- : (0.000224s) INSERT INTO `users` (`email`, `password`, `user_type`) VALUES ('mentee1@test', 'mentee1', 'mentee')
I, [2021-03-22T13:56:08.583140 #1126]  INFO -- : (0.000128s) SELECT * FROM `users` WHERE `id` = 2
I, [2021-03-22T13:56:08.676398 #1126]  INFO -- : (0.093152s) COMMIT
I, [2021-03-22T13:56:08.676675 #1126]  INFO -- : (0.000045s) BEGIN
I, [2021-03-22T13:56:08.677126 #1126]  INFO -- : (0.000188s) INSERT INTO `mentees` (`first_name`, `surname`, `course`, `gender`, `year_of_study`, `email`, `password`) VALUES ('Mentee', 'Mentee', 'Computer Science', 'female', 2, 'mentee1@test', 'mentee1')
I, [2021-03-22T13:56:08.677364 #1126]  INFO -- : (0.000112s) SELECT * FROM `mentees` WHERE `id` = 1
I, [2021-03-22T13:56:08.754830 #1126]  INFO -- : (0.077386s) COMMIT
I, [2021-03-22T13:56:08.755105 #1126]  INFO -- : (0.000042s) BEGIN
I, [2021-03-22T13:56:08.755512 #1126]  INFO -- : (0.000203s) UPDATE `mentees` SET `id` = 2 WHERE (`id` = 1)
I, [2021-03-22T13:56:08.844112 #1126]  INFO -- : (0.088481s) COMMIT
I, [2021-03-22T13:56:35.348497 #1126]  INFO -- : (0.000048s) BEGIN
I, [2021-03-22T13:56:35.348859 #1126]  INFO -- : (0.000169s) INSERT INTO `users` (`email`, `password`, `user_type`) VALUES ('mentee2@test', 'mentee2', 'mentee')
I, [2021-03-22T13:56:35.349061 #1126]  INFO -- : (0.000083s) SELECT * FROM `users` WHERE `id` = 3
I, [2021-03-22T13:56:35.438540 #1126]  INFO -- : (0.089398s) COMMIT
I, [2021-03-22T13:56:35.438777 #1126]  INFO -- : (0.000030s) BEGIN
I, [2021-03-22T13:56:35.439091 #1126]  INFO -- : (0.000155s) INSERT INTO `mentees` (`first_name`, `surname`, `course`, `gender`, `year_of_study`, `email`, `password`) VALUES ('Mentee2', 'Mentee', 'Computer Science', 'male', 1, 'mentee2@test', 'mentee2')
I, [2021-03-22T13:56:35.439921 #1126]  INFO -- : (0.000717s) SELECT * FROM `mentees` WHERE `id` = 3
I, [2021-03-22T13:56:35.536888 #1126]  INFO -- : (0.096875s) COMMIT
I, [2021-03-22T13:57:10.873725 #1126]  INFO -- : (0.000060s) BEGIN
I, [2021-03-22T13:57:10.874245 #1126]  INFO -- : (0.000259s) INSERT INTO `users` (`email`, `password`, `user_type`) VALUES ('mentor1@test', 'mentor1', 'mentor')
I, [2021-03-22T13:57:10.874540 #1126]  INFO -- : (0.000125s) SELECT * FROM `users` WHERE `id` = 4
I, [2021-03-22T13:57:10.981641 #1126]  INFO -- : (0.106994s) COMMIT
I, [2021-03-22T13:57:10.982698 #1126]  INFO -- : (0.000047s) BEGIN
I, [2021-03-22T13:57:10.983144 #1126]  INFO -- : (0.000185s) INSERT INTO `mentors` (`first_name`, `surname`, `gender`, `industry`, `company`, `sheffield_graduate`, `degree_field`, `email`, `password`) VALUES ('Mentor1', 'Mentor', 'female', 'Food', 'Test Company', 1, 'history', 'mentor1@test', 'mentor1')
I, [2021-03-22T13:57:10.983418 #1126]  INFO -- : (0.000135s) SELECT * FROM `mentors` WHERE `id` = 1
I, [2021-03-22T13:57:11.075271 #1126]  INFO -- : (0.091761s) COMMIT
I, [2021-03-22T13:57:11.075516 #1126]  INFO -- : (0.000037s) BEGIN
I, [2021-03-22T13:57:11.075891 #1126]  INFO -- : (0.000213s) UPDATE `mentors` SET `id` = 4 WHERE (`id` = 1)
I, [2021-03-22T13:57:11.167232 #1126]  INFO -- : (0.091242s) COMMIT
I, [2021-03-22T13:57:35.236414 #1126]  INFO -- : (0.000045s) BEGIN
I, [2021-03-22T13:57:35.236746 #1126]  INFO -- : (0.000153s) INSERT INTO `users` (`email`, `password`, `user_type`) VALUES ('mentor2@test', 'mentor2', 'mentor')
I, [2021-03-22T13:57:35.237149 #1126]  INFO -- : (0.000083s) SELECT * FROM `users` WHERE `id` = 5
I, [2021-03-22T13:57:35.321048 #1126]  INFO -- : (0.083819s) COMMIT
I, [2021-03-22T13:57:35.321260 #1126]  INFO -- : (0.000035s) BEGIN
I, [2021-03-22T13:57:35.321592 #1126]  INFO -- : (0.000163s) INSERT INTO `mentors` (`first_name`, `surname`, `gender`, `industry`, `company`, `sheffield_graduate`, `degree_field`, `email`, `password`) VALUES ('Mentor2', 'Mentor', 'female', 'Education', 'Test Company 2', 1, 'geography', 'mentor2@test', 'mentor2')
I, [2021-03-22T13:57:35.321832 #1126]  INFO -- : (0.000113s) SELECT * FROM `mentors` WHERE `id` = 5
I, [2021-03-22T13:57:35.413137 #1126]  INFO -- : (0.091226s) COMMIT
I, [2021-03-22T13:57:42.355691 #1126]  INFO -- : (0.000151s) SELECT * FROM `users` WHERE (`email` = 'admin@test') LIMIT 1
I, [2021-03-22T13:57:42.356010 #1126]  INFO -- : (0.000090s) SELECT * FROM `users` WHERE (`email` = 'admin@test') LIMIT 1
I, [2021-03-22T13:57:42.356304 #1126]  INFO -- : (0.000083s) SELECT * FROM `users` WHERE (`email` = 'admin@test') LIMIT 1
I, [2021-03-22T13:57:42.356574 #1126]  INFO -- : (0.000124s) SELECT * FROM `admins` WHERE (`email` LIKE '%admin@test%' ESCAPE '\') LIMIT 1
I, [2021-03-22T13:57:42.357406 #1126]  INFO -- : (0.000097s) SELECT * FROM `admins` WHERE (`email` = 'admin@test') LIMIT 1
I, [2021-03-22T13:57:42.492128 #1126]  INFO -- : (0.000153s) SELECT * FROM `admins` WHERE `id` = 1
I, [2021-03-22T13:57:42.492331 #1126]  INFO -- : (0.000084s) SELECT * FROM `admins` WHERE `id` = 1
I, [2021-03-22T13:57:42.492471 #1126]  INFO -- : (0.000068s) SELECT * FROM `users` WHERE `id` = 1
I, [2021-03-22T13:57:56.336708 #1126]  INFO -- : (0.000186s) SELECT * FROM `users` WHERE (`email` = 'mentee1@test') LIMIT 1
I, [2021-03-22T13:57:56.336996 #1126]  INFO -- : (0.000111s) SELECT * FROM `users` WHERE (`email` = 'mentee1@test') LIMIT 1
I, [2021-03-22T13:57:56.337196 #1126]  INFO -- : (0.000085s) SELECT * FROM `users` WHERE (`email` = 'mentee1@test') LIMIT 1
I, [2021-03-22T13:57:56.337368 #1126]  INFO -- : (0.000085s) SELECT * FROM `users` WHERE (`email` = 'mentee1@test') LIMIT 1
I, [2021-03-22T13:57:56.338157 #1126]  INFO -- : (0.000180s) SELECT * FROM `mentees` WHERE (`email` LIKE '%mentee1@test%' ESCAPE '\') LIMIT 1
I, [2021-03-22T13:57:56.338478 #1126]  INFO -- : (0.000141s) SELECT * FROM `mentees` WHERE (`email` = 'mentee1@test') LIMIT 1
I, [2021-03-22T13:57:56.472513 #1126]  INFO -- : (0.000247s) SELECT * FROM `mentees` WHERE `id` = 2
I, [2021-03-22T13:57:56.472793 #1126]  INFO -- : (0.000138s) SELECT * FROM `mentees` WHERE `id` = 2
I, [2021-03-22T13:57:56.472955 #1126]  INFO -- : (0.000094s) SELECT * FROM `users` WHERE `id` = 2
I, [2021-03-22T13:57:59.253371 #1126]  INFO -- : (0.000270s) SELECT * FROM `mentees` WHERE `id` = 2
I, [2021-03-22T13:57:59.253726 #1126]  INFO -- : (0.000164s) SELECT * FROM `mentees` WHERE `id` = 2
I, [2021-03-22T13:57:59.253913 #1126]  INFO -- : (0.000104s) SELECT * FROM `users` WHERE `id` = 2
I, [2021-03-22T13:57:59.262011 #1126]  INFO -- : (0.000176s) SELECT count(*) AS 'count' FROM `mentors` WHERE ((`gender` LIKE '%' ESCAPE '\') AND (`industry` LIKE '%' ESCAPE '\') AND (`degree_field` LIKE '%' ESCAPE '\') AND (`sheffield_graduate` LIKE '%' ESCAPE '\')) LIMIT 1
I, [2021-03-22T13:57:59.263124 #1126]  INFO -- : (0.000915s) SELECT * FROM `mentors` WHERE ((`gender` LIKE '%' ESCAPE '\') AND (`industry` LIKE '%' ESCAPE '\') AND (`degree_field` LIKE '%' ESCAPE '\') AND (`sheffield_graduate` LIKE '%' ESCAPE '\'))
I, [2021-03-22T13:58:06.289404 #1126]  INFO -- : (0.000206s) SELECT * FROM `mentees` WHERE `id` = 2
I, [2021-03-22T13:58:06.289652 #1126]  INFO -- : (0.000120s) SELECT * FROM `mentees` WHERE `id` = 2
I, [2021-03-22T13:58:06.289798 #1126]  INFO -- : (0.000079s) SELECT * FROM `users` WHERE `id` = 2
I, [2021-03-22T13:58:15.931106 #1126]  INFO -- : (0.000156s) SELECT * FROM `users` WHERE (`email` = 'mentee2@test') LIMIT 1
I, [2021-03-22T13:58:15.931339 #1126]  INFO -- : (0.000082s) SELECT * FROM `users` WHERE (`email` = 'mentee2@test') LIMIT 1
I, [2021-03-22T13:58:15.931543 #1126]  INFO -- : (0.000091s) SELECT * FROM `users` WHERE (`email` = 'mentee2@test') LIMIT 1
I, [2021-03-22T13:58:15.931706 #1126]  INFO -- : (0.000070s) SELECT * FROM `users` WHERE (`email` = 'mentee2@test') LIMIT 1
I, [2021-03-22T13:58:15.932575 #1126]  INFO -- : (0.000687s) SELECT * FROM `mentees` WHERE (`email` LIKE '%mentee2@test%' ESCAPE '\') LIMIT 1
I, [2021-03-22T13:58:15.932822 #1126]  INFO -- : (0.000113s) SELECT * FROM `mentees` WHERE (`email` = 'mentee2@test') LIMIT 1
I, [2021-03-22T13:58:16.075602 #1126]  INFO -- : (0.000175s) SELECT * FROM `mentees` WHERE `id` = 3
I, [2021-03-22T13:58:16.075843 #1126]  INFO -- : (0.000132s) SELECT * FROM `mentees` WHERE `id` = 3
I, [2021-03-22T13:58:16.075980 #1126]  INFO -- : (0.000071s) SELECT * FROM `users` WHERE `id` = 3
I, [2021-03-22T13:58:18.737770 #1126]  INFO -- : (0.000173s) SELECT * FROM `mentees` WHERE `id` = 3
I, [2021-03-22T13:58:18.738016 #1126]  INFO -- : (0.000114s) SELECT * FROM `mentees` WHERE `id` = 3
I, [2021-03-22T13:58:18.738152 #1126]  INFO -- : (0.000072s) SELECT * FROM `users` WHERE `id` = 3
I, [2021-03-22T13:58:18.739330 #1126]  INFO -- : (0.000097s) SELECT count(*) AS 'count' FROM `mentors` WHERE ((`gender` LIKE '%' ESCAPE '\') AND (`industry` LIKE '%' ESCAPE '\') AND (`degree_field` LIKE '%' ESCAPE '\') AND (`sheffield_graduate` LIKE '%' ESCAPE '\')) LIMIT 1
I, [2021-03-22T13:58:18.739590 #1126]  INFO -- : (0.000141s) SELECT * FROM `mentors` WHERE ((`gender` LIKE '%' ESCAPE '\') AND (`industry` LIKE '%' ESCAPE '\') AND (`degree_field` LIKE '%' ESCAPE '\') AND (`sheffield_graduate` LIKE '%' ESCAPE '\'))
I, [2021-03-22T13:58:20.131361 #1126]  INFO -- : (0.000167s) SELECT * FROM `mentees` WHERE `id` = 3
I, [2021-03-22T13:58:20.131561 #1126]  INFO -- : (0.000100s) SELECT * FROM `mentees` WHERE `id` = 3
I, [2021-03-22T13:58:20.131673 #1126]  INFO -- : (0.000061s) SELECT * FROM `users` WHERE `id` = 3
I, [2021-03-22T13:58:33.624536 #1126]  INFO -- : (0.000158s) SELECT * FROM `users` WHERE (`email` = 'mentor1@test') LIMIT 1
I, [2021-03-22T13:58:33.624768 #1126]  INFO -- : (0.000083s) SELECT * FROM `users` WHERE (`email` = 'mentor1@test') LIMIT 1
I, [2021-03-22T13:58:33.624945 #1126]  INFO -- : (0.000082s) SELECT * FROM `users` WHERE (`email` = 'mentor1@test') LIMIT 1
I, [2021-03-22T13:58:33.625079 #1126]  INFO -- : (0.000063s) SELECT * FROM `users` WHERE (`email` = 'mentor1@test') LIMIT 1
I, [2021-03-22T13:58:33.625382 #1126]  INFO -- : (0.000145s) SELECT * FROM `mentors` WHERE (`email` LIKE '%mentor1@test%' ESCAPE '\') LIMIT 1
I, [2021-03-22T13:58:33.625608 #1126]  INFO -- : (0.000093s) SELECT * FROM `mentors` WHERE (`email` = 'mentor1@test') LIMIT 1
I, [2021-03-22T13:58:33.767429 #1126]  INFO -- : (0.000160s) SELECT * FROM `mentors` WHERE `id` = 4
I, [2021-03-22T13:58:33.767643 #1126]  INFO -- : (0.000098s) SELECT * FROM `mentors` WHERE `id` = 4
I, [2021-03-22T13:58:33.767780 #1126]  INFO -- : (0.000063s) SELECT * FROM `users` WHERE `id` = 4
I, [2021-03-22T13:58:43.150371 #1126]  INFO -- : (0.000162s) SELECT * FROM `users` WHERE (`email` = 'mentor2@test') LIMIT 1
I, [2021-03-22T13:58:43.150612 #1126]  INFO -- : (0.000081s) SELECT * FROM `users` WHERE (`email` = 'mentor2@test') LIMIT 1
I, [2021-03-22T13:58:43.150809 #1126]  INFO -- : (0.000089s) SELECT * FROM `users` WHERE (`email` = 'mentor2@test') LIMIT 1
I, [2021-03-22T13:58:43.150955 #1126]  INFO -- : (0.000066s) SELECT * FROM `users` WHERE (`email` = 'mentor2@test') LIMIT 1
I, [2021-03-22T13:58:43.151213 #1126]  INFO -- : (0.000104s) SELECT * FROM `mentors` WHERE (`email` LIKE '%mentor2@test%' ESCAPE '\') LIMIT 1
I, [2021-03-22T13:58:43.151413 #1126]  INFO -- : (0.000090s) SELECT * FROM `mentors` WHERE (`email` = 'mentor2@test') LIMIT 1
I, [2021-03-22T13:58:43.299271 #1126]  INFO -- : (0.000162s) SELECT * FROM `mentors` WHERE `id` = 5
I, [2021-03-22T13:58:43.299464 #1126]  INFO -- : (0.000092s) SELECT * FROM `mentors` WHERE `id` = 5
I, [2021-03-22T13:58:43.299576 #1126]  INFO -- : (0.000063s) SELECT * FROM `users` WHERE `id` = 5
I, [2021-03-22T13:58:49.865926 #1126]  INFO -- : (0.000151s) SELECT * FROM `users` WHERE (`email` = 'mentor1@test') LIMIT 1
I, [2021-03-22T13:58:49.866149 #1126]  INFO -- : (0.000077s) SELECT * FROM `users` WHERE (`email` = 'mentor1@test') LIMIT 1
I, [2021-03-22T13:58:49.866348 #1126]  INFO -- : (0.000089s) SELECT * FROM `users` WHERE (`email` = 'mentor1@test') LIMIT 1
I, [2021-03-22T13:58:49.866492 #1126]  INFO -- : (0.000064s) SELECT * FROM `users` WHERE (`email` = 'mentor1@test') LIMIT 1
I, [2021-03-22T13:58:49.866748 #1126]  INFO -- : (0.000105s) SELECT * FROM `mentors` WHERE (`email` LIKE '%mentor1@test%' ESCAPE '\') LIMIT 1
I, [2021-03-22T13:58:49.866989 #1126]  INFO -- : (0.000094s) SELECT * FROM `mentors` WHERE (`email` = 'mentor1@test') LIMIT 1
I, [2021-03-22T13:58:50.012778 #1126]  INFO -- : (0.000166s) SELECT * FROM `mentors` WHERE `id` = 4
I, [2021-03-22T13:58:50.012973 #1126]  INFO -- : (0.000095s) SELECT * FROM `mentors` WHERE `id` = 4
I, [2021-03-22T13:58:50.013084 #1126]  INFO -- : (0.000062s) SELECT * FROM `users` WHERE `id` = 4
I, [2021-03-22T13:59:16.213576 #1126]  INFO -- : (0.000217s) SELECT * FROM `mentors` WHERE `id` = 4
I, [2021-03-22T13:59:16.213842 #1126]  INFO -- : (0.000134s) SELECT * FROM `mentors` WHERE `id` = 4
I, [2021-03-22T13:59:16.213991 #1126]  INFO -- : (0.000080s) SELECT * FROM `users` WHERE `id` = 4
I, [2021-03-22T13:59:16.214201 #1126]  INFO -- : (0.000019s) BEGIN
I, [2021-03-22T13:59:16.214658 #1126]  INFO -- : (0.000238s) UPDATE `mentors` SET `biography` = 'Lorem ipsum dolor sit amet, consectetur adipiscing elit, sed do eiusmod tempor incididunt ut labore et dolore magna aliqua. Ut enim ad minim veniam, quis nostrud exercitation ullamco laboris nisi ut aliquip ex ea commodo consequat.' WHERE (`id` = 4)
I, [2021-03-22T13:59:16.315042 #1126]  INFO -- : (0.100294s) COMMIT
I, [2021-03-22T13:59:16.448726 #1126]  INFO -- : (0.000190s) SELECT * FROM `mentors` WHERE `id` = 4
I, [2021-03-22T13:59:16.448939 #1126]  INFO -- : (0.000116s) SELECT * FROM `mentors` WHERE `id` = 4
I, [2021-03-22T13:59:16.449076 #1126]  INFO -- : (0.000075s) SELECT * FROM `users` WHERE `id` = 4
I, [2021-03-22T13:59:24.550041 #1126]  INFO -- : (0.000246s) SELECT * FROM `users` WHERE (`email` = 'mentor2@test') LIMIT 1
I, [2021-03-22T13:59:24.550401 #1126]  INFO -- : (0.000128s) SELECT * FROM `users` WHERE (`email` = 'mentor2@test') LIMIT 1
I, [2021-03-22T13:59:24.550666 #1126]  INFO -- : (0.000114s) SELECT * FROM `users` WHERE (`email` = 'mentor2@test') LIMIT 1
I, [2021-03-22T13:59:24.550882 #1126]  INFO -- : (0.000105s) SELECT * FROM `users` WHERE (`email` = 'mentor2@test') LIMIT 1
I, [2021-03-22T13:59:24.552243 #1126]  INFO -- : (0.000223s) SELECT * FROM `mentors` WHERE (`email` LIKE '%mentor2@test%' ESCAPE '\') LIMIT 1
I, [2021-03-22T13:59:24.552567 #1126]  INFO -- : (0.000176s) SELECT * FROM `mentors` WHERE (`email` = 'mentor2@test') LIMIT 1
I, [2021-03-22T13:59:24.695825 #1126]  INFO -- : (0.000204s) SELECT * FROM `mentors` WHERE `id` = 5
I, [2021-03-22T13:59:24.696638 #1126]  INFO -- : (0.000704s) SELECT * FROM `mentors` WHERE `id` = 5
I, [2021-03-22T13:59:24.696800 #1126]  INFO -- : (0.000076s) SELECT * FROM `users` WHERE `id` = 5
I, [2021-03-22T13:59:39.374345 #1126]  INFO -- : (0.000167s) SELECT * FROM `mentors` WHERE `id` = 5
I, [2021-03-22T13:59:39.374554 #1126]  INFO -- : (0.000103s) SELECT * FROM `mentors` WHERE `id` = 5
I, [2021-03-22T13:59:39.374670 #1126]  INFO -- : (0.000063s) SELECT * FROM `users` WHERE `id` = 5
I, [2021-03-22T13:59:39.375411 #1126]  INFO -- : (0.000021s) BEGIN
I, [2021-03-22T13:59:39.375719 #1126]  INFO -- : (0.000138s) UPDATE `mentors` SET `biography` = 'Duis aute irure dolor in reprehenderit in voluptate velit esse cillum dolore eu fugiat nulla pariatur. Excepteur sint occaecat cupidatat non proident, sunt in culpa qui officia deserunt mollit anim id est laborum.' WHERE (`id` = 5)
I, [2021-03-22T13:59:39.496373 #1126]  INFO -- : (0.120550s) COMMIT
I, [2021-03-22T13:59:39.652183 #1126]  INFO -- : (0.000175s) SELECT * FROM `mentors` WHERE `id` = 5
I, [2021-03-22T13:59:39.652383 #1126]  INFO -- : (0.000097s) SELECT * FROM `mentors` WHERE `id` = 5
I, [2021-03-22T13:59:39.652497 #1126]  INFO -- : (0.000064s) SELECT * FROM `users` WHERE `id` = 5
I, [2021-03-22T13:59:46.634412 #1126]  INFO -- : (0.000194s) SELECT * FROM `users` WHERE (`email` = 'mentee1@test') LIMIT 1
I, [2021-03-22T13:59:46.634714 #1126]  INFO -- : (0.000121s) SELECT * FROM `users` WHERE (`email` = 'mentee1@test') LIMIT 1
I, [2021-03-22T13:59:46.634950 #1126]  INFO -- : (0.000101s) SELECT * FROM `users` WHERE (`email` = 'mentee1@test') LIMIT 1
I, [2021-03-22T13:59:46.635143 #1126]  INFO -- : (0.000093s) SELECT * FROM `users` WHERE (`email` = 'mentee1@test') LIMIT 1
I, [2021-03-22T13:59:46.636031 #1126]  INFO -- : (0.000123s) SELECT * FROM `mentees` WHERE (`email` LIKE '%mentee1@test%' ESCAPE '\') LIMIT 1
I, [2021-03-22T13:59:46.636288 #1126]  INFO -- : (0.000096s) SELECT * FROM `mentees` WHERE (`email` = 'mentee1@test') LIMIT 1
I, [2021-03-22T13:59:46.760472 #1126]  INFO -- : (0.000156s) SELECT * FROM `mentees` WHERE `id` = 2
I, [2021-03-22T13:59:46.760657 #1126]  INFO -- : (0.000090s) SELECT * FROM `mentees` WHERE `id` = 2
I, [2021-03-22T13:59:46.761455 #1126]  INFO -- : (0.000099s) SELECT * FROM `users` WHERE `id` = 2
I, [2021-03-22T13:59:48.904426 #1126]  INFO -- : (0.000152s) SELECT * FROM `mentees` WHERE `id` = 2
I, [2021-03-22T13:59:48.904611 #1126]  INFO -- : (0.000090s) SELECT * FROM `mentees` WHERE `id` = 2
I, [2021-03-22T13:59:48.904722 #1126]  INFO -- : (0.000061s) SELECT * FROM `users` WHERE `id` = 2
I, [2021-03-22T13:59:48.906917 #1126]  INFO -- : (0.000093s) SELECT count(*) AS 'count' FROM `mentors` WHERE ((`gender` LIKE '%' ESCAPE '\') AND (`industry` LIKE '%' ESCAPE '\') AND (`degree_field` LIKE '%' ESCAPE '\') AND (`sheffield_graduate` LIKE '%' ESCAPE '\')) LIMIT 1
I, [2021-03-22T13:59:48.907156 #1126]  INFO -- : (0.000135s) SELECT * FROM `mentors` WHERE ((`gender` LIKE '%' ESCAPE '\') AND (`industry` LIKE '%' ESCAPE '\') AND (`degree_field` LIKE '%' ESCAPE '\') AND (`sheffield_graduate` LIKE '%' ESCAPE '\'))
